Copyright 1986-2022 Xilinx, Inc. All Rights Reserved. Copyright 2022-2023 Advanced Micro Devices, Inc. All Rights Reserved.
---------------------------------------------------------------------------------------------------------------------------------------------
| Tool Version : Vivado v.2023.2 (lin64) Build 4029153 Fri Oct 13 20:13:54 MDT 2023
| Date         : Fri Mar 29 15:00:08 2024
| Host         : cg1710-pi running 64-bit Ubuntu 22.04.4 LTS
| Command      : report_utilization -file ../../Syn_Report/EL2_utilization_synth.rpt
| Design       : el2_veer_wrapper
| Device       : xczu19eg-ffvc1760-2-i
| Speed File   : -2
| Design State : Synthesized
---------------------------------------------------------------------------------------------------------------------------------------------

Utilization Design Information

Table of Contents
-----------------
1. CLB Logic
1.1 Summary of Registers by Type
2. BLOCKRAM
3. ARITHMETIC
4. I/O
5. CLOCK
6. ADVANCED
7. CONFIGURATION
8. Primitives
9. Black Boxes
10. Instantiated Netlists

1. CLB Logic
------------

+----------------------------+-------+-------+------------+-----------+-------+
|          Site Type         |  Used | Fixed | Prohibited | Available | Util% |
+----------------------------+-------+-------+------------+-----------+-------+
| CLB LUTs*                  | 42845 |     0 |          0 |    522720 |  8.20 |
|   LUT as Logic             | 40469 |     0 |          0 |    522720 |  7.74 |
|   LUT as Memory            |  2376 |     0 |          0 |    161280 |  1.47 |
|     LUT as Distributed RAM |  2376 |     0 |            |           |       |
|     LUT as Shift Register  |     0 |     0 |            |           |       |
| CLB Registers              | 23366 |     0 |          0 |   1045440 |  2.24 |
|   Register as Flip Flop    | 23366 |     0 |          0 |   1045440 |  2.24 |
|   Register as Latch        |     0 |     0 |          0 |   1045440 |  0.00 |
| CARRY8                     |   613 |     0 |          0 |     65340 |  0.94 |
| F7 Muxes                   |  4801 |     0 |          0 |    261360 |  1.84 |
| F8 Muxes                   |  2149 |     0 |          0 |    130680 |  1.64 |
| F9 Muxes                   |   284 |     0 |          0 |     65340 |  0.43 |
+----------------------------+-------+-------+------------+-----------+-------+
* Warning! The Final LUT count, after physical optimizations and full implementation, is typically lower. Run opt_design after synthesis, if not already completed, for a more realistic count.
Warning! LUT value is adjusted to account for LUT combining.


1.1 Summary of Registers by Type
--------------------------------

+-------+--------------+-------------+--------------+
| Total | Clock Enable | Synchronous | Asynchronous |
+-------+--------------+-------------+--------------+
| 0     |            _ |           - |            - |
| 0     |            _ |           - |          Set |
| 0     |            _ |           - |        Reset |
| 0     |            _ |         Set |            - |
| 0     |            _ |       Reset |            - |
| 0     |          Yes |           - |            - |
| 2     |          Yes |           - |          Set |
| 23027 |          Yes |           - |        Reset |
| 0     |          Yes |         Set |            - |
| 337   |          Yes |       Reset |            - |
+-------+--------------+-------------+--------------+


2. BLOCKRAM
-----------

+----------------+------+-------+------------+-----------+-------+
|    Site Type   | Used | Fixed | Prohibited | Available | Util% |
+----------------+------+-------+------------+-----------+-------+
| Block RAM Tile |    0 |     0 |          0 |       984 |  0.00 |
|   RAMB36/FIFO* |    0 |     0 |          0 |       984 |  0.00 |
|   RAMB18       |    0 |     0 |          0 |      1968 |  0.00 |
| URAM           |    0 |     0 |          0 |       128 |  0.00 |
+----------------+------+-------+------------+-----------+-------+
* Note: Each Block RAM Tile only has one FIFO logic available and therefore can accommodate only one FIFO36E2 or one FIFO18E2. However, if a FIFO18E2 occupies a Block RAM Tile, that tile can still accommodate a RAMB18E2


3. ARITHMETIC
-------------

+----------------+------+-------+------------+-----------+-------+
|    Site Type   | Used | Fixed | Prohibited | Available | Util% |
+----------------+------+-------+------------+-----------+-------+
| DSPs           |    4 |     0 |          0 |      1968 |  0.20 |
|   DSP48E2 only |    4 |       |            |           |       |
+----------------+------+-------+------------+-----------+-------+


4. I/O
------

+------------+------+-------+------------+-----------+--------+
|  Site Type | Used | Fixed | Prohibited | Available |  Util% |
+------------+------+-------+------------+-----------+--------+
| Bonded IOB | 2165 |     0 |          0 |       512 | 422.85 |
+------------+------+-------+------------+-----------+--------+


5. CLOCK
--------

+----------------------+------+-------+------------+-----------+-------+
|       Site Type      | Used | Fixed | Prohibited | Available | Util% |
+----------------------+------+-------+------------+-----------+-------+
| GLOBAL CLOCK BUFFERs |    2 |     0 |          0 |       940 |  0.21 |
|   BUFGCE             |    2 |     0 |          0 |       280 |  0.71 |
|   BUFGCE_DIV         |    0 |     0 |          0 |        44 |  0.00 |
|   BUFG_GT            |    0 |     0 |          0 |       456 |  0.00 |
|   BUFG_PS            |    0 |     0 |          0 |        72 |  0.00 |
|   BUFGCTRL*          |    0 |     0 |          0 |        88 |  0.00 |
| PLL                  |    0 |     0 |          0 |        22 |  0.00 |
| MMCM                 |    0 |     0 |          0 |        11 |  0.00 |
+----------------------+------+-------+------------+-----------+-------+
* Note: Each used BUFGCTRL counts as two GLOBAL CLOCK BUFFERs. This table does not include global clocking resources, only buffer cell usage. See the Clock Utilization Report (report_clock_utilization) for detailed accounting of global clocking resource availability.


6. ADVANCED
-----------

+-----------------+------+-------+------------+-----------+-------+
|    Site Type    | Used | Fixed | Prohibited | Available | Util% |
+-----------------+------+-------+------------+-----------+-------+
| CMACE4          |    0 |     0 |          0 |         4 |  0.00 |
| GTHE4_CHANNEL   |    0 |     0 |          0 |        32 |  0.00 |
| GTHE4_COMMON    |    0 |     0 |          0 |         8 |  0.00 |
| GTYE4_CHANNEL   |    0 |     0 |          0 |        16 |  0.00 |
| GTYE4_COMMON    |    0 |     0 |          0 |         4 |  0.00 |
| ILKNE4          |    0 |     0 |          0 |         4 |  0.00 |
| OBUFDS_GTE4     |    0 |     0 |          0 |        24 |  0.00 |
| OBUFDS_GTE4_ADV |    0 |     0 |          0 |        24 |  0.00 |
| PCIE40E4        |    0 |     0 |          0 |         5 |  0.00 |
| PS8             |    0 |     0 |          0 |         1 |  0.00 |
| SYSMONE4        |    0 |     0 |          0 |         1 |  0.00 |
+-----------------+------+-------+------------+-----------+-------+


7. CONFIGURATION
----------------

+-------------+------+-------+------------+-----------+-------+
|  Site Type  | Used | Fixed | Prohibited | Available | Util% |
+-------------+------+-------+------------+-----------+-------+
| BSCANE2     |    0 |     0 |          0 |         4 |  0.00 |
| DNA_PORTE2  |    0 |     0 |          0 |         1 |  0.00 |
| EFUSE_USR   |    0 |     0 |          0 |         1 |  0.00 |
| FRAME_ECCE4 |    0 |     0 |          0 |         1 |  0.00 |
| ICAPE3      |    0 |     0 |          0 |         2 |  0.00 |
| MASTER_JTAG |    0 |     0 |          0 |         1 |  0.00 |
| STARTUPE3   |    0 |     0 |          0 |         1 |  0.00 |
+-------------+------+-------+------------+-----------+-------+


8. Primitives
-------------

+----------+-------+---------------------+
| Ref Name |  Used | Functional Category |
+----------+-------+---------------------+
| LUT6     | 25699 |                 CLB |
| FDCE     | 23027 |            Register |
| LUT4     |  6702 |                 CLB |
| LUT5     |  6395 |                 CLB |
| MUXF7    |  4801 |                 CLB |
| LUT3     |  3228 |                 CLB |
| LUT2     |  2405 |                 CLB |
| RAMS64E1 |  2272 |                 CLB |
| MUXF8    |  2149 |                 CLB |
| OBUF     |  1274 |                 I/O |
| INBUF    |   891 |                 I/O |
| IBUFCTRL |   891 |              Others |
| CARRY8   |   613 |                 CLB |
| FDRE     |   337 |            Register |
| MUXF9    |   284 |                 CLB |
| LUT1     |   169 |                 CLB |
| RAMS64E  |   104 |                 CLB |
| DSP48E2  |     4 |          Arithmetic |
| FDPE     |     2 |            Register |
| BUFGCE   |     2 |               Clock |
+----------+-------+---------------------+


9. Black Boxes
--------------

+----------+------+
| Ref Name | Used |
+----------+------+


10. Instantiated Netlists
-------------------------

+----------+------+
| Ref Name | Used |
+----------+------+


