Copyright 1986-2022 Xilinx, Inc. All Rights Reserved. Copyright 2022-2023 Advanced Micro Devices, Inc. All Rights Reserved.
---------------------------------------------------------------------------------------------------------------------------------------------
| Tool Version : Vivado v.2023.2 (lin64) Build 4029153 Fri Oct 13 20:13:54 MDT 2023
| Date         : Tue Feb 20 08:01:13 2024
| Host         : cg1710-pi running 64-bit Ubuntu 22.04.4 LTS
| Command      : report_utilization -file ../Syn_Report/NutShell_utilization_synth.rpt
| Design       : NutShell
| Device       : xczu19eg-ffvc1760-2-i
| Speed File   : -2
| Design State : Synthesized
---------------------------------------------------------------------------------------------------------------------------------------------

Utilization Design Information

Table of Contents
-----------------
1. CLB Logic
1.1 Summary of Registers by Type
2. BLOCKRAM
3. ARITHMETIC
4. I/O
5. CLOCK
6. ADVANCED
7. CONFIGURATION
8. Primitives
9. Black Boxes
10. Instantiated Netlists

1. CLB Logic
------------

+----------------------------+-------+-------+------------+-----------+-------+
|          Site Type         |  Used | Fixed | Prohibited | Available | Util% |
+----------------------------+-------+-------+------------+-----------+-------+
| CLB LUTs*                  | 14137 |     0 |          0 |    522720 |  2.70 |
|   LUT as Logic             | 13606 |     0 |          0 |    522720 |  2.60 |
|   LUT as Memory            |   531 |     0 |          0 |    161280 |  0.33 |
|     LUT as Distributed RAM |   530 |     0 |            |           |       |
|     LUT as Shift Register  |     1 |     0 |            |           |       |
| CLB Registers              | 12594 |     0 |          0 |   1045440 |  1.20 |
|   Register as Flip Flop    | 12594 |     0 |          0 |   1045440 |  1.20 |
|   Register as Latch        |     0 |     0 |          0 |   1045440 |  0.00 |
| CARRY8                     |   360 |     0 |          0 |     65340 |  0.55 |
| F7 Muxes                   |    29 |     0 |          0 |    261360 |  0.01 |
| F8 Muxes                   |    12 |     0 |          0 |    130680 | <0.01 |
| F9 Muxes                   |     0 |     0 |          0 |     65340 |  0.00 |
+----------------------------+-------+-------+------------+-----------+-------+
* Warning! The Final LUT count, after physical optimizations and full implementation, is typically lower. Run opt_design after synthesis, if not already completed, for a more realistic count.
Warning! LUT value is adjusted to account for LUT combining.


1.1 Summary of Registers by Type
--------------------------------

+-------+--------------+-------------+--------------+
| Total | Clock Enable | Synchronous | Asynchronous |
+-------+--------------+-------------+--------------+
| 0     |            _ |           - |            - |
| 0     |            _ |           - |          Set |
| 0     |            _ |           - |        Reset |
| 0     |            _ |         Set |            - |
| 0     |            _ |       Reset |            - |
| 0     |          Yes |           - |            - |
| 0     |          Yes |           - |          Set |
| 0     |          Yes |           - |        Reset |
| 232   |          Yes |         Set |            - |
| 12362 |          Yes |       Reset |            - |
+-------+--------------+-------------+--------------+


2. BLOCKRAM
-----------

+-------------------+------+-------+------------+-----------+-------+
|     Site Type     | Used | Fixed | Prohibited | Available | Util% |
+-------------------+------+-------+------------+-----------+-------+
| Block RAM Tile    | 23.5 |     0 |          0 |       984 |  2.39 |
|   RAMB36/FIFO*    |   17 |     0 |          0 |       984 |  1.73 |
|     RAMB36E2 only |   17 |       |            |           |       |
|   RAMB18          |   13 |     0 |          0 |      1968 |  0.66 |
|     RAMB18E2 only |   13 |       |            |           |       |
| URAM              |    4 |     0 |          0 |       128 |  3.13 |
+-------------------+------+-------+------------+-----------+-------+
* Note: Each Block RAM Tile only has one FIFO logic available and therefore can accommodate only one FIFO36E2 or one FIFO18E2. However, if a FIFO18E2 occupies a Block RAM Tile, that tile can still accommodate a RAMB18E2


3. ARITHMETIC
-------------

+----------------+------+-------+------------+-----------+-------+
|    Site Type   | Used | Fixed | Prohibited | Available | Util% |
+----------------+------+-------+------------+-----------+-------+
| DSPs           |   16 |     0 |          0 |      1968 |  0.81 |
|   DSP48E2 only |   16 |       |            |           |       |
+----------------+------+-------+------------+-----------+-------+


4. I/O
------

+------------+------+-------+------------+-----------+--------+
|  Site Type | Used | Fixed | Prohibited | Available |  Util% |
+------------+------+-------+------------+-----------+--------+
| Bonded IOB |  953 |     0 |          0 |       512 | 186.13 |
+------------+------+-------+------------+-----------+--------+


5. CLOCK
--------

+----------------------+------+-------+------------+-----------+-------+
|       Site Type      | Used | Fixed | Prohibited | Available | Util% |
+----------------------+------+-------+------------+-----------+-------+
| GLOBAL CLOCK BUFFERs |    1 |     0 |          0 |       940 |  0.11 |
|   BUFGCE             |    1 |     0 |          0 |       280 |  0.36 |
|   BUFGCE_DIV         |    0 |     0 |          0 |        44 |  0.00 |
|   BUFG_GT            |    0 |     0 |          0 |       456 |  0.00 |
|   BUFG_PS            |    0 |     0 |          0 |        72 |  0.00 |
|   BUFGCTRL*          |    0 |     0 |          0 |        88 |  0.00 |
| PLL                  |    0 |     0 |          0 |        22 |  0.00 |
| MMCM                 |    0 |     0 |          0 |        11 |  0.00 |
+----------------------+------+-------+------------+-----------+-------+
* Note: Each used BUFGCTRL counts as two GLOBAL CLOCK BUFFERs. This table does not include global clocking resources, only buffer cell usage. See the Clock Utilization Report (report_clock_utilization) for detailed accounting of global clocking resource availability.


6. ADVANCED
-----------

+-----------------+------+-------+------------+-----------+-------+
|    Site Type    | Used | Fixed | Prohibited | Available | Util% |
+-----------------+------+-------+------------+-----------+-------+
| CMACE4          |    0 |     0 |          0 |         4 |  0.00 |
| GTHE4_CHANNEL   |    0 |     0 |          0 |        32 |  0.00 |
| GTHE4_COMMON    |    0 |     0 |          0 |         8 |  0.00 |
| GTYE4_CHANNEL   |    0 |     0 |          0 |        16 |  0.00 |
| GTYE4_COMMON    |    0 |     0 |          0 |         4 |  0.00 |
| ILKNE4          |    0 |     0 |          0 |         4 |  0.00 |
| OBUFDS_GTE4     |    0 |     0 |          0 |        24 |  0.00 |
| OBUFDS_GTE4_ADV |    0 |     0 |          0 |        24 |  0.00 |
| PCIE40E4        |    0 |     0 |          0 |         5 |  0.00 |
| PS8             |    0 |     0 |          0 |         1 |  0.00 |
| SYSMONE4        |    0 |     0 |          0 |         1 |  0.00 |
+-----------------+------+-------+------------+-----------+-------+


7. CONFIGURATION
----------------

+-------------+------+-------+------------+-----------+-------+
|  Site Type  | Used | Fixed | Prohibited | Available | Util% |
+-------------+------+-------+------------+-----------+-------+
| BSCANE2     |    0 |     0 |          0 |         4 |  0.00 |
| DNA_PORTE2  |    0 |     0 |          0 |         1 |  0.00 |
| EFUSE_USR   |    0 |     0 |          0 |         1 |  0.00 |
| FRAME_ECCE4 |    0 |     0 |          0 |         1 |  0.00 |
| ICAPE3      |    0 |     0 |          0 |         2 |  0.00 |
| MASTER_JTAG |    0 |     0 |          0 |         1 |  0.00 |
| STARTUPE3   |    0 |     0 |          0 |         1 |  0.00 |
+-------------+------+-------+------------+-----------+-------+


8. Primitives
-------------

+----------+-------+---------------------+
| Ref Name |  Used | Functional Category |
+----------+-------+---------------------+
| FDRE     | 12362 |            Register |
| LUT6     |  4708 |                 CLB |
| LUT3     |  4452 |                 CLB |
| LUT5     |  3108 |                 CLB |
| LUT4     |  2639 |                 CLB |
| LUT2     |  1179 |                 CLB |
| RAMD32   |   842 |                 CLB |
| OBUF     |   644 |                 I/O |
| CARRY8   |   360 |                 CLB |
| LUT1     |   358 |                 CLB |
| INBUF    |   309 |                 I/O |
| IBUFCTRL |   309 |              Others |
| FDSE     |   232 |            Register |
| RAMS32   |   120 |                 CLB |
| RAMD64E  |    48 |                 CLB |
| MUXF7    |    29 |                 CLB |
| RAMB36E2 |    17 |            BLOCKRAM |
| DSP48E2  |    16 |          Arithmetic |
| RAMB18E2 |    13 |            BLOCKRAM |
| MUXF8    |    12 |                 CLB |
| URAM288  |     4 |            BLOCKRAM |
| SRL16E   |     1 |                 CLB |
| BUFGCE   |     1 |               Clock |
+----------+-------+---------------------+


9. Black Boxes
--------------

+----------+------+
| Ref Name | Used |
+----------+------+


10. Instantiated Netlists
-------------------------

+----------+------+
| Ref Name | Used |
+----------+------+


